<?xml version="1.0" encoding="UTF-8"?>
<testng-results skipped="0" failed="0" ignored="0" total="1" passed="1">
  <reporter-output>
  </reporter-output>
  <suite name="Default suite" duration-ms="13934" started-at="2020-10-19T15:49:29 IST" finished-at="2020-10-19T15:49:42 IST">
    <groups>
    </groups>
    <test name="Default test" duration-ms="13934" started-at="2020-10-19T15:49:29 IST" finished-at="2020-10-19T15:49:42 IST">
      <class name="com.SFI.tests.Katalon_Login1">
        <test-method status="PASS" signature="setUp()[pri:0, instance:com.SFI.tests.Katalon_Login1@b3d7190]" name="setUp" is-config="true" duration-ms="4075" started-at="2020-10-19T15:49:29 IST" finished-at="2020-10-19T15:49:33 IST">
          <reporter-output>
          </reporter-output>
        </test-method> <!-- setUp -->
        <test-method status="PASS" signature="testUntitledTestCase()[pri:0, instance:com.SFI.tests.Katalon_Login1@b3d7190]" name="testUntitledTestCase" duration-ms="8572" started-at="2020-10-19T15:49:33 IST" finished-at="2020-10-19T15:49:41 IST">
          <reporter-output>
          </reporter-output>
        </test-method> <!-- testUntitledTestCase -->
        <test-method status="PASS" signature="tearDown()[pri:0, instance:com.SFI.tests.Katalon_Login1@b3d7190]" name="tearDown" is-config="true" duration-ms="1259" started-at="2020-10-19T15:49:41 IST" finished-at="2020-10-19T15:49:42 IST">
          <reporter-output>
          </reporter-output>
        </test-method> <!-- tearDown -->
      </class> <!-- com.SFI.tests.Katalon_Login1 -->
    </test> <!-- Default test -->
  </suite> <!-- Default suite -->
</testng-results>
